# JRE version: OpenJDK Runtime Environment (8.0_152-b01) (build 1.8.0_152-release-1248-b01)
# Java VM: OpenJDK 64-Bit Server VM (25.152-b01 mixed mode windows-amd64 compressed oops)
Heap:
 PSYoungGen      total 210944K, used 170033K [0x00000000e0000000, 0x00000000f1e00000, 0x0000000100000000)
  eden space 195072K, 81% used [0x00000000e0000000,0x00000000e9b111b0,0x00000000ebe80000)
  from space 15872K, 70% used [0x00000000ebe80000,0x00000000ec97b358,0x00000000ece00000)
  to   space 16384K, 0% used [0x00000000f0e00000,0x00000000f0e00000,0x00000000f1e00000)
 ParOldGen       total 108544K, used 29696K [0x00000000a0000000, 0x00000000a6a00000, 0x00000000e0000000)
  object space 108544K, 27% used [0x00000000a0000000,0x00000000a1d000d0,0x00000000a6a00000)
 Metaspace       used 71213K, capacity 73466K, committed 73600K, reserved 1112064K
  class space    used 9430K, capacity 10024K, committed 10112K, reserved 1048576K
GC Heap History (10 events):
Event: 4.728 GC heap before
{Heap before GC invocations=12 (full 2):
 PSYoungGen      total 109056K, used 97280K [0x00000000e0000000, 0x00000000ea080000, 0x0000000100000000)
  eden space 97280K, 100% used [0x00000000e0000000,0x00000000e5f00000,0x00000000e5f00000)
  from space 11776K, 0% used [0x00000000e5f00000,0x00000000e5f00000,0x00000000e6a80000)
  to   space 11776K, 0% used [0x00000000e9500000,0x00000000e9500000,0x00000000ea080000)
 ParOldGen       total 78848K, used 16085K [0x00000000a0000000, 0x00000000a4d00000, 0x00000000e0000000)
  object space 78848K, 20% used [0x00000000a0000000,0x00000000a0fb5790,0x00000000a4d00000)
 Metaspace       used 43161K, capacity 44068K, committed 44416K, reserved 1087488K
  class space    used 5874K, capacity 6169K, committed 6272K, reserved 1048576K
Event: 4.739 GC heap after
Heap after GC invocations=12 (full 2):
 PSYoungGen      total 144896K, used 11753K [0x00000000e0000000, 0x00000000ea080000, 0x0000000100000000)
  eden space 133120K, 0% used [0x00000000e0000000,0x00000000e0000000,0x00000000e8200000)
  from space 11776K, 99% used [0x00000000e9500000,0x00000000ea07a4c0,0x00000000ea080000)
  to   space 14336K, 0% used [0x00000000e8480000,0x00000000e8480000,0x00000000e9280000)
 ParOldGen       total 78848K, used 18747K [0x00000000a0000000, 0x00000000a4d00000, 0x00000000e0000000)
  object space 78848K, 23% used [0x00000000a0000000,0x00000000a124ec48,0x00000000a4d00000)
 Metaspace       used 43161K, capacity 44068K, committed 44416K, reserved 1087488K
  class space    used 5874K, capacity 6169K, committed 6272K, reserved 1048576K
}
Event: 5.953 GC heap before
{Heap before GC invocations=13 (full 2):
 PSYoungGen      total 144896K, used 144873K [0x00000000e0000000, 0x00000000ea080000, 0x0000000100000000)
  eden space 133120K, 100% used [0x00000000e0000000,0x00000000e8200000,0x00000000e8200000)
  from space 11776K, 99% used [0x00000000e9500000,0x00000000ea07a4c0,0x00000000ea080000)
  to   space 14336K, 0% used [0x00000000e8480000,0x00000000e8480000,0x00000000e9280000)
 ParOldGen       total 78848K, used 18747K [0x00000000a0000000, 0x00000000a4d00000, 0x00000000e0000000)
  object space 78848K, 23% used [0x00000000a0000000,0x00000000a124ec48,0x00000000a4d00000)
 Metaspace       used 55312K, capacity 56614K, committed 56832K, reserved 1097728K
  class space    used 7562K, capacity 7933K, committed 7936K, reserved 1048576K
Event: 6.299 GC heap after
Heap after GC invocations=13 (full 2):
 PSYoungGen      total 150016K, used 13866K [0x00000000e0000000, 0x00000000edd80000, 0x0000000100000000)
  eden space 135680K, 0% used [0x00000000e0000000,0x00000000e0000000,0x00000000e8480000)
  from space 14336K, 96% used [0x00000000e8480000,0x00000000e920aa68,0x00000000e9280000)
  to   space 15872K, 0% used [0x00000000ece00000,0x00000000ece00000,0x00000000edd80000)
 ParOldGen       total 78848K, used 26683K [0x00000000a0000000, 0x00000000a4d00000, 0x00000000e0000000)
  object space 78848K, 33% used [0x00000000a0000000,0x00000000a1a0ee30,0x00000000a4d00000)
 Metaspace       used 55312K, capacity 56614K, committed 56832K, reserved 1097728K
  class space    used 7562K, capacity 7933K, committed 7936K, reserved 1048576K
}
Event: 6.719 GC heap before
{Heap before GC invocations=14 (full 2):
 PSYoungGen      total 150016K, used 52767K [0x00000000e0000000, 0x00000000edd80000, 0x0000000100000000)
  eden space 135680K, 28% used [0x00000000e0000000,0x00000000e25fd3e0,0x00000000e8480000)
  from space 14336K, 96% used [0x00000000e8480000,0x00000000e920aa68,0x00000000e9280000)
  to   space 15872K, 0% used [0x00000000ece00000,0x00000000ece00000,0x00000000edd80000)
 ParOldGen       total 78848K, used 26683K [0x00000000a0000000, 0x00000000a4d00000, 0x00000000e0000000)
  object space 78848K, 33% used [0x00000000a0000000,0x00000000a1a0ee30,0x00000000a4d00000)
 Metaspace       used 57520K, capacity 59052K, committed 59136K, reserved 1099776K
  class space    used 7939K, capacity 8369K, committed 8448K, reserved 1048576K
Event: 6.729 GC heap after
Heap after GC invocations=14 (full 2):
 PSYoungGen      total 210944K, used 2933K [0x00000000e0000000, 0x00000000ede00000, 0x0000000100000000)
  eden space 195072K, 0% used [0x00000000e0000000,0x00000000e0000000,0x00000000ebe80000)
  from space 15872K, 18% used [0x00000000ece00000,0x00000000ed0dd768,0x00000000edd80000)
  to   space 15872K, 0% used [0x00000000ebe80000,0x00000000ebe80000,0x00000000ece00000)
 ParOldGen       total 78848K, used 31715K [0x00000000a0000000, 0x00000000a4d00000, 0x00000000e0000000)
  object space 78848K, 40% used [0x00000000a0000000,0x00000000a1ef8d60,0x00000000a4d00000)
 Metaspace       used 57520K, capacity 59052K, committed 59136K, reserved 1099776K
  class space    used 7939K, capacity 8369K, committed 8448K, reserved 1048576K
}
Event: 6.729 GC heap before
{Heap before GC invocations=15 (full 3):
 PSYoungGen      total 210944K, used 2933K [0x00000000e0000000, 0x00000000ede00000, 0x0000000100000000)
  eden space 195072K, 0% used [0x00000000e0000000,0x00000000e0000000,0x00000000ebe80000)
  from space 15872K, 18% used [0x00000000ece00000,0x00000000ed0dd768,0x00000000edd80000)
  to   space 15872K, 0% used [0x00000000ebe80000,0x00000000ebe80000,0x00000000ece00000)
 ParOldGen       total 78848K, used 31715K [0x00000000a0000000, 0x00000000a4d00000, 0x00000000e0000000)
  object space 78848K, 40% used [0x00000000a0000000,0x00000000a1ef8d60,0x00000000a4d00000)
 Metaspace       used 57520K, capacity 59052K, committed 59136K, reserved 1099776K
  class space    used 7939K, capacity 8369K, committed 8448K, reserved 1048576K
Event: 6.969 GC heap after
Heap after GC invocations=15 (full 3):
 PSYoungGen      total 210944K, used 0K [0x00000000e0000000, 0x00000000ede00000, 0x0000000100000000)
  eden space 195072K, 0% used [0x00000000e0000000,0x00000000e0000000,0x00000000ebe80000)
  from space 15872K, 0% used [0x00000000ece00000,0x00000000ece00000,0x00000000edd80000)
  to   space 15872K, 0% used [0x00000000ebe80000,0x00000000ebe80000,0x00000000ece00000)
 ParOldGen       total 108544K, used 29688K [0x00000000a0000000, 0x00000000a6a00000, 0x00000000e0000000)
  object space 108544K, 27% used [0x00000000a0000000,0x00000000a1cfe0d0,0x00000000a6a00000)
 Metaspace       used 57520K, capacity 59052K, committed 59136K, reserved 1099776K
  class space    used 7939K, capacity 8369K, committed 8448K, reserved 1048576K
}
Event: 58.164 GC heap before
{Heap before GC invocations=16 (full 3):
 PSYoungGen      total 210944K, used 195072K [0x00000000e0000000, 0x00000000ede00000, 0x0000000100000000)
  eden space 195072K, 100% used [0x00000000e0000000,0x00000000ebe80000,0x00000000ebe80000)
  from space 15872K, 0% used [0x00000000ece00000,0x00000000ece00000,0x00000000edd80000)
  to   space 15872K, 0% used [0x00000000ebe80000,0x00000000ebe80000,0x00000000ece00000)
 ParOldGen       total 108544K, used 29688K [0x00000000a0000000, 0x00000000a6a00000, 0x00000000e0000000)
  object space 108544K, 27% used [0x00000000a0000000,0x00000000a1cfe0d0,0x00000000a6a00000)
 Metaspace       used 64609K, capacity 66694K, committed 66816K, reserved 1107968K
  class space    used 8642K, capacity 9186K, committed 9216K, reserved 1048576K
Event: 58.201 GC heap after
Heap after GC invocations=16 (full 3):
 PSYoungGen      total 210944K, used 11244K [0x00000000e0000000, 0x00000000f1e00000, 0x0000000100000000)
  eden space 195072K, 0% used [0x00000000e0000000,0x00000000e0000000,0x00000000ebe80000)
  from space 15872K, 70% used [0x00000000ebe80000,0x00000000ec97b358,0x00000000ece00000)
  to   space 16384K, 0% used [0x00000000f0e00000,0x00000000f0e00000,0x00000000f1e00000)
 ParOldGen       total 108544K, used 29696K [0x00000000a0000000, 0x00000000a6a00000, 0x00000000e0000000)
  object space 108544K, 27% used [0x00000000a0000000,0x00000000a1d000d0,0x00000000a6a00000)
 Metaspace       used 64609K, capacity 66694K, committed 66816K, reserved 1107968K
  class space    used 8642K, capacity 9186K, committed 9216K, reserved 1048576K
}

