# JRE version: OpenJDK Runtime Environment (8.0_152-b01) (build 1.8.0_152-release-1248-b01)
# Java VM: OpenJDK 64-Bit Server VM (25.152-b01 mixed mode windows-amd64 compressed oops)
Heap:
 PSYoungGen      total 440832K, used 153356K [0x00000000e0000000, 0x00000000ffc00000, 0x0000000100000000)
  eden space 413696K, 30% used [0x00000000e0000000,0x00000000e7bb6328,0x00000000f9400000)
  from space 27136K, 98% used [0x00000000fe180000,0x00000000ffb8cd10,0x00000000ffc00000)
  to   space 33792K, 0% used [0x00000000fba00000,0x00000000fba00000,0x00000000fdb00000)
 ParOldGen       total 120320K, used 31956K [0x00000000a0000000, 0x00000000a7580000, 0x00000000e0000000)
  object space 120320K, 26% used [0x00000000a0000000,0x00000000a1f35060,0x00000000a7580000)
 Metaspace       used 85987K, capacity 90336K, committed 90624K, reserved 1128448K
  class space    used 11122K, capacity 11973K, committed 12032K, reserved 1048576K
GC Heap History (10 events):
Event: 8.429 GC heap before
{Heap before GC invocations=11 (full 3):
 PSYoungGen      total 384512K, used 15900K [0x00000000e0000000, 0x00000000f9680000, 0x0000000100000000)
  eden space 360960K, 0% used [0x00000000e0000000,0x00000000e0000000,0x00000000f6080000)
  from space 23552K, 67% used [0x00000000f7800000,0x00000000f8787370,0x00000000f8f00000)
  to   space 24064K, 0% used [0x00000000f6080000,0x00000000f6080000,0x00000000f7800000)
 ParOldGen       total 83456K, used 29070K [0x00000000a0000000, 0x00000000a5180000, 0x00000000e0000000)
  object space 83456K, 34% used [0x00000000a0000000,0x00000000a1c63b98,0x00000000a5180000)
 Metaspace       used 57527K, capacity 59052K, committed 59136K, reserved 1099776K
  class space    used 7940K, capacity 8369K, committed 8448K, reserved 1048576K
Event: 8.669 GC heap after
Heap after GC invocations=11 (full 3):
 PSYoungGen      total 384512K, used 0K [0x00000000e0000000, 0x00000000f9680000, 0x0000000100000000)
  eden space 360960K, 0% used [0x00000000e0000000,0x00000000e0000000,0x00000000f6080000)
  from space 23552K, 0% used [0x00000000f7800000,0x00000000f7800000,0x00000000f8f00000)
  to   space 24064K, 0% used [0x00000000f6080000,0x00000000f6080000,0x00000000f7800000)
 ParOldGen       total 120320K, used 29936K [0x00000000a0000000, 0x00000000a7580000, 0x00000000e0000000)
  object space 120320K, 24% used [0x00000000a0000000,0x00000000a1d3c3f0,0x00000000a7580000)
 Metaspace       used 57527K, capacity 59052K, committed 59136K, reserved 1099776K
  class space    used 7940K, capacity 8369K, committed 8448K, reserved 1048576K
}
Event: 220.114 GC heap before
{Heap before GC invocations=12 (full 3):
 PSYoungGen      total 384512K, used 360960K [0x00000000e0000000, 0x00000000f9680000, 0x0000000100000000)
  eden space 360960K, 100% used [0x00000000e0000000,0x00000000f6080000,0x00000000f6080000)
  from space 23552K, 0% used [0x00000000f7800000,0x00000000f7800000,0x00000000f8f00000)
  to   space 24064K, 0% used [0x00000000f6080000,0x00000000f6080000,0x00000000f7800000)
 ParOldGen       total 120320K, used 29936K [0x00000000a0000000, 0x00000000a7580000, 0x00000000e0000000)
  object space 120320K, 24% used [0x00000000a0000000,0x00000000a1d3c3f0,0x00000000a7580000)
 Metaspace       used 66298K, capacity 68566K, committed 68864K, reserved 1107968K
  class space    used 8835K, capacity 9386K, committed 9472K, reserved 1048576K
Event: 220.149 GC heap after
Heap after GC invocations=12 (full 3):
 PSYoungGen      total 385024K, used 15989K [0x00000000e0000000, 0x00000000fdd80000, 0x0000000100000000)
  eden space 360960K, 0% used [0x00000000e0000000,0x00000000e0000000,0x00000000f6080000)
  from space 24064K, 66% used [0x00000000f6080000,0x00000000f701d4f8,0x00000000f7800000)
  to   space 24576K, 0% used [0x00000000fc580000,0x00000000fc580000,0x00000000fdd80000)
 ParOldGen       total 120320K, used 29944K [0x00000000a0000000, 0x00000000a7580000, 0x00000000e0000000)
  object space 120320K, 24% used [0x00000000a0000000,0x00000000a1d3e3f0,0x00000000a7580000)
 Metaspace       used 66298K, capacity 68566K, committed 68864K, reserved 1107968K
  class space    used 8835K, capacity 9386K, committed 9472K, reserved 1048576K
}
Event: 392.983 GC heap before
{Heap before GC invocations=13 (full 3):
 PSYoungGen      total 385024K, used 376949K [0x00000000e0000000, 0x00000000fdd80000, 0x0000000100000000)
  eden space 360960K, 100% used [0x00000000e0000000,0x00000000f6080000,0x00000000f6080000)
  from space 24064K, 66% used [0x00000000f6080000,0x00000000f701d4f8,0x00000000f7800000)
  to   space 24576K, 0% used [0x00000000fc580000,0x00000000fc580000,0x00000000fdd80000)
 ParOldGen       total 120320K, used 29944K [0x00000000a0000000, 0x00000000a7580000, 0x00000000e0000000)
  object space 120320K, 24% used [0x00000000a0000000,0x00000000a1d3e3f0,0x00000000a7580000)
 Metaspace       used 83287K, capacity 86814K, committed 87040K, reserved 1124352K
  class space    used 10974K, capacity 11752K, committed 11776K, reserved 1048576K
Event: 393.037 GC heap after
Heap after GC invocations=13 (full 3):
 PSYoungGen      total 450560K, used 24570K [0x00000000e0000000, 0x00000000fdd80000, 0x0000000100000000)
  eden space 425984K, 0% used [0x00000000e0000000,0x00000000e0000000,0x00000000fa000000)
  from space 24576K, 99% used [0x00000000fc580000,0x00000000fdd7ea68,0x00000000fdd80000)
  to   space 28672K, 0% used [0x00000000fa580000,0x00000000fa580000,0x00000000fc180000)
 ParOldGen       total 120320K, used 31932K [0x00000000a0000000, 0x00000000a7580000, 0x00000000e0000000)
  object space 120320K, 26% used [0x00000000a0000000,0x00000000a1f2f060,0x00000000a7580000)
 Metaspace       used 83287K, capacity 86814K, committed 87040K, reserved 1124352K
  class space    used 10974K, capacity 11752K, committed 11776K, reserved 1048576K
}
Event: 548.970 GC heap before
{Heap before GC invocations=14 (full 3):
 PSYoungGen      total 450560K, used 450554K [0x00000000e0000000, 0x00000000fdd80000, 0x0000000100000000)
  eden space 425984K, 100% used [0x00000000e0000000,0x00000000fa000000,0x00000000fa000000)
  from space 24576K, 99% used [0x00000000fc580000,0x00000000fdd7ea68,0x00000000fdd80000)
  to   space 28672K, 0% used [0x00000000fa580000,0x00000000fa580000,0x00000000fc180000)
 ParOldGen       total 120320K, used 31932K [0x00000000a0000000, 0x00000000a7580000, 0x00000000e0000000)
  object space 120320K, 26% used [0x00000000a0000000,0x00000000a1f2f060,0x00000000a7580000)
 Metaspace       used 84773K, capacity 88676K, committed 88960K, reserved 1126400K
  class space    used 11058K, capacity 11859K, committed 11904K, reserved 1048576K
Event: 549.008 GC heap after
Heap after GC invocations=14 (full 3):
 PSYoungGen      total 460288K, used 24938K [0x00000000e0000000, 0x0000000100000000, 0x0000000100000000)
  eden space 431616K, 0% used [0x00000000e0000000,0x00000000e0000000,0x00000000fa580000)
  from space 28672K, 86% used [0x00000000fa580000,0x00000000fbddab68,0x00000000fc180000)
  to   space 31232K, 0% used [0x00000000fe180000,0x00000000fe180000,0x0000000100000000)
 ParOldGen       total 120320K, used 31948K [0x00000000a0000000, 0x00000000a7580000, 0x00000000e0000000)
  object space 120320K, 26% used [0x00000000a0000000,0x00000000a1f33060,0x00000000a7580000)
 Metaspace       used 84773K, capacity 88676K, committed 88960K, reserved 1126400K
  class space    used 11058K, capacity 11859K, committed 11904K, reserved 1048576K
}
Event: 883.957 GC heap before
{Heap before GC invocations=15 (full 3):
 PSYoungGen      total 460288K, used 456554K [0x00000000e0000000, 0x0000000100000000, 0x0000000100000000)
  eden space 431616K, 100% used [0x00000000e0000000,0x00000000fa580000,0x00000000fa580000)
  from space 28672K, 86% used [0x00000000fa580000,0x00000000fbddab68,0x00000000fc180000)
  to   space 31232K, 0% used [0x00000000fe180000,0x00000000fe180000,0x0000000100000000)
 ParOldGen       total 120320K, used 31948K [0x00000000a0000000, 0x00000000a7580000, 0x00000000e0000000)
  object space 120320K, 26% used [0x00000000a0000000,0x00000000a1f33060,0x00000000a7580000)
 Metaspace       used 85836K, capacity 90140K, committed 90368K, reserved 1128448K
  class space    used 11122K, capacity 11973K, committed 12032K, reserved 1048576K
Event: 884.014 GC heap after
Heap after GC invocations=15 (full 3):
 PSYoungGen      total 440832K, used 26675K [0x00000000e0000000, 0x00000000ffc00000, 0x0000000100000000)
  eden space 413696K, 0% used [0x00000000e0000000,0x00000000e0000000,0x00000000f9400000)
  from space 27136K, 98% used [0x00000000fe180000,0x00000000ffb8cd10,0x00000000ffc00000)
  to   space 33792K, 0% used [0x00000000fba00000,0x00000000fba00000,0x00000000fdb00000)
 ParOldGen       total 120320K, used 31956K [0x00000000a0000000, 0x00000000a7580000, 0x00000000e0000000)
  object space 120320K, 26% used [0x00000000a0000000,0x00000000a1f35060,0x00000000a7580000)
 Metaspace       used 85836K, capacity 90140K, committed 90368K, reserved 1128448K
  class space    used 11122K, capacity 11973K, committed 12032K, reserved 1048576K
}

